<?xml version="1.0" encoding="UTF-8"?>
<!-- Generated by org.testng.reporters.JUnitXMLReporter -->
<testsuite hostname="LAPTOP-C6QJ1AJ0" ignored="0" name="Test" tests="1" failures="0" timestamp="2022-10-10T13:58:34 EDT" time="0.038" errors="0">
  <testcase name="@BeforeClass setup" time="-1.665424714936E9" classname="com.inetbanking.TestCases.BaseClass">
    <failure type="org.testng.TestNGException" message="
Parameter &amp;apos; browser&amp;apos; is required by BeforeClass on method setup but has not been marked @Optional or defined
in C:\Users\sunil\eclipse-workspace\iNEtBankingv1\testNG.xml">
      <![CDATA[org.testng.TestNGException: 
Parameter ' browser' is required by BeforeClass on method setup but has not been marked @Optional or defined
in C:\Users\sunil\eclipse-workspace\iNEtBankingv1\testNG.xml
at java.util.ArrayList.forEach(Unknown Source)
... Removed 22 stack frames]]>
    </failure>
  </testcase> <!-- @BeforeClass setup -->
  <testcase name="@AfterClass tearDown" time="-1.665424714957E9" classname="com.inetbanking.TestCases.BaseClass">
    <skipped/>
  </testcase> <!-- @AfterClass tearDown -->
  <testcase name="loginTest" time="0.0" classname="com.inetbanking.TestCases.TC_loginTest_001">
    <skipped/>
  </testcase> <!-- loginTest -->
</testsuite> <!-- Test -->
